0 info it worked if it ends with ok
1 verbose cli [ 'C:\\Program Files\\nodejs\\node.exe',
1 verbose cli   'C:\\Program Files\\nodejs\\node_modules\\npm\\bin\\npm-cli.js',
1 verbose cli   'run',
1 verbose cli   'test' ]
2 info using npm@3.10.10
3 info using node@v6.9.5
4 verbose run-script [ 'pretest', 'test', 'posttest' ]
5 info lifecycle travis@1.0.0~pretest: travis@1.0.0
6 silly lifecycle travis@1.0.0~pretest: no script for pretest, continuing
7 info lifecycle travis@1.0.0~test: travis@1.0.0
8 verbose lifecycle travis@1.0.0~test: unsafe-perm in lifecycle true
9 verbose lifecycle travis@1.0.0~test: PATH: C:\Program Files\nodejs\node_modules\npm\bin\node-gyp-bin;E:\University\Final project\travic CI\node_modules\.bin;C:\Windows\system32;C:\Windows;C:\Windows\System32\Wbem;C:\Windows\System32\WindowsPowerShell\v1.0\;C:\Program Files\Microsoft SQL Server\120\Tools\Binn\;C:\Program Files\Git\cmd;C:\Program Files\Microsoft\Web Platform Installer\;C:\Program Files (x86)\Intel\OpenCL SDK\2.0\bin\x86;C:\Program Files (x86)\Intel\OpenCL SDK\2.0\bin\x64;C:\Program Files (x86)\ATI Technologies\ATI.ACE\Core-Static;C:\Program Files\Microsoft SQL Server\110\DTS\Binn\;C:\Program Files (x86)\Microsoft SQL Server\110\Tools\Binn\ManagementStudio\;C:\Program Files (x86)\Microsoft SQL Server\110\Tools\Binn\;C:\Program Files\Microsoft SQL Server\110\Tools\Binn\;C:\Program Files (x86)\Microsoft Visual Studio 10.0\Common7\IDE\PrivateAssemblies\;C:\Program Files (x86)\Microsoft SQL Server\110\DTS\Binn\;C:\Program Files\MongoDB\Server\3.2\bin;C:\Program Files (x86)\Heroku\bin;C:\Program Files (x86)\git\cmd;C:\Program Files (x86)\Git\cmd;C:\Windows\system32\config\systemprofile\.dnx\bin;C:\Program Files\Microsoft DNX\Dnvm\;E:\Learn\Android\Files\sdk\android\platform-tools;E:\Learn\Android\Files\sdk\android\platform-tools;c:\altera\81\quartus\bin;C:\Users\Lenus\AppData\Roaming\nvm;C:\Program Files\nodejs;C:\Program Files (x86)\Java\jdk1.7.0_80\bin;C:\wamp\bin\php\php5.5.12;C:\ProgramData\ComposerSetup\bin;C:\Program Files (x86)\Brackets\command;C:\Program Files (x86)\Yarn\bin;C:\Program Files\nodejs\;C:\Program Files (x86)\Skype\Phone\;C:\Users\Lenus\.dnx\bin;C:\Ruby22\bin;C:\Users\Lenus\AppData\Local\atom\bin;C:\Program Files (x86)\Microsoft VS Code\bin;C:\Program Files (x86)\Java\jdk1.7.0_80\bin;E:\Learn\Android\Files\sdk\android\platform-tools;C:\Users\Lenus\AppData\Roaming\nvm;C:\Program Files\nodejs;C:\Users\Lenus\AppData\Roaming\Composer\vendor\bin;C:\Python27;C:\wamp\bin\php\php5.6.19;C:\Users\Lenus\AppData\Local\Yarn\.bin;C:\Users\Lenus\AppData\Roaming\npm
10 verbose lifecycle travis@1.0.0~test: CWD: E:\University\Final project\travic CI
11 silly lifecycle travis@1.0.0~test: Args: [ '/d /s /c', './node_modules/jshint/bin/jshint hello.js' ]
12 silly lifecycle travis@1.0.0~test: Returned: code: 1  signal: null
13 info lifecycle travis@1.0.0~test: Failed to exec test script
14 verbose stack Error: travis@1.0.0 test: `./node_modules/jshint/bin/jshint hello.js`
14 verbose stack Exit status 1
14 verbose stack     at EventEmitter.<anonymous> (C:\Program Files\nodejs\node_modules\npm\lib\utils\lifecycle.js:255:16)
14 verbose stack     at emitTwo (events.js:106:13)
14 verbose stack     at EventEmitter.emit (events.js:191:7)
14 verbose stack     at ChildProcess.<anonymous> (C:\Program Files\nodejs\node_modules\npm\lib\utils\spawn.js:40:14)
14 verbose stack     at emitTwo (events.js:106:13)
14 verbose stack     at ChildProcess.emit (events.js:191:7)
14 verbose stack     at maybeClose (internal/child_process.js:877:16)
14 verbose stack     at Process.ChildProcess._handle.onexit (internal/child_process.js:226:5)
15 verbose pkgid travis@1.0.0
16 verbose cwd E:\University\Final project\travic CI
17 error Windows_NT 10.0.10240
18 error argv "C:\\Program Files\\nodejs\\node.exe" "C:\\Program Files\\nodejs\\node_modules\\npm\\bin\\npm-cli.js" "run" "test"
19 error node v6.9.5
20 error npm  v3.10.10
21 error code ELIFECYCLE
22 error travis@1.0.0 test: `./node_modules/jshint/bin/jshint hello.js`
22 error Exit status 1
23 error Failed at the travis@1.0.0 test script './node_modules/jshint/bin/jshint hello.js'.
23 error Make sure you have the latest version of node.js and npm installed.
23 error If you do, this is most likely a problem with the travis package,
23 error not with npm itself.
23 error Tell the author that this fails on your system:
23 error     ./node_modules/jshint/bin/jshint hello.js
23 error You can get information on how to open an issue for this project with:
23 error     npm bugs travis
23 error Or if that isn't available, you can get their info via:
23 error     npm owner ls travis
23 error There is likely additional logging output above.
24 verbose exit [ 1, true ]
